  Using 'git status' to determine working set for adaptive non-unity build (D:\UnrealEngine\gff2019).
  Creating makefile for GFFEditor (no existing makefile)
  Using Visual Studio 2017 14.16.27023 toolchain (C:\Program Files (x86)\Microsoft Visual Studio\2017\Community\VC\Tools\MSVC\14.16.27023) and Windows 10.0.16299.0 SDK (C:\Program Files (x86)\Windows Kits\10).
  Parsing headers for GFFEditor
    Running UnrealHeaderTool "D:\UnrealEngine\gff2019\GFF\GFF.uproject" "D:\UnrealEngine\gff2019\GFF\Intermediate\Build\Win64\GFFEditor\Development\GFFEditor.uhtmanifest" -LogCmds="loginit warning, logexit warning, logdatabase error" -Unattended -WarningsAsErrors -installed
  Reflection code generated for GFFEditor in 11.8789851 seconds
  Deleting old hot reload file: "D:\UnrealEngine\gff2019\GFF\Binaries\Win64\UE4Editor-GFF-1031.dll".
  Deleting old hot reload file: "D:\UnrealEngine\gff2019\GFF\Binaries\Win64\UE4Editor-GFF-1031.pdb".
  Deleting old hot reload file: "D:\UnrealEngine\gff2019\GFF\Binaries\Win64\UE4Editor-GFF-1200.dll".
  Deleting old hot reload file: "D:\UnrealEngine\gff2019\GFF\Binaries\Win64\UE4Editor-GFF-1200.pdb".
  Deleting old hot reload file: "D:\UnrealEngine\gff2019\GFF\Binaries\Win64\UE4Editor-GFF-1334.dll".
  Deleting old hot reload file: "D:\UnrealEngine\gff2019\GFF\Binaries\Win64\UE4Editor-GFF-1334.pdb".
  Deleting old hot reload file: "D:\UnrealEngine\gff2019\GFF\Binaries\Win64\UE4Editor-GFF-1623.dll".
  Deleting old hot reload file: "D:\UnrealEngine\gff2019\GFF\Binaries\Win64\UE4Editor-GFF-1623.pdb".
  Deleting old hot reload file: "D:\UnrealEngine\gff2019\GFF\Binaries\Win64\UE4Editor-GFF-1635.dll".
  Deleting old hot reload file: "D:\UnrealEngine\gff2019\GFF\Binaries\Win64\UE4Editor-GFF-1635.pdb".
  Deleting old hot reload file: "D:\UnrealEngine\gff2019\GFF\Binaries\Win64\UE4Editor-GFF-1654.dll".
  Deleting old hot reload file: "D:\UnrealEngine\gff2019\GFF\Binaries\Win64\UE4Editor-GFF-1654.pdb".
  Deleting old hot reload file: "D:\UnrealEngine\gff2019\GFF\Binaries\Win64\UE4Editor-GFF-1677.dll".
  Deleting old hot reload file: "D:\UnrealEngine\gff2019\GFF\Binaries\Win64\UE4Editor-GFF-1677.pdb".
  Deleting old hot reload file: "D:\UnrealEngine\gff2019\GFF\Binaries\Win64\UE4Editor-GFF-1746.dll".
  Deleting old hot reload file: "D:\UnrealEngine\gff2019\GFF\Binaries\Win64\UE4Editor-GFF-1746.pdb".
  Deleting old hot reload file: "D:\UnrealEngine\gff2019\GFF\Binaries\Win64\UE4Editor-GFF-1811.dll".
  Deleting old hot reload file: "D:\UnrealEngine\gff2019\GFF\Binaries\Win64\UE4Editor-GFF-2063.dll".
  Deleting old hot reload file: "D:\UnrealEngine\gff2019\GFF\Binaries\Win64\UE4Editor-GFF-2063.pdb".
  Deleting old hot reload file: "D:\UnrealEngine\gff2019\GFF\Binaries\Win64\UE4Editor-GFF-2123.dll".
  Deleting old hot reload file: "D:\UnrealEngine\gff2019\GFF\Binaries\Win64\UE4Editor-GFF-2123.pdb".
  Deleting old hot reload file: "D:\UnrealEngine\gff2019\GFF\Binaries\Win64\UE4Editor-GFF-2257.dll".
  Deleting old hot reload file: "D:\UnrealEngine\gff2019\GFF\Binaries\Win64\UE4Editor-GFF-2257.pdb".
  Deleting old hot reload file: "D:\UnrealEngine\gff2019\GFF\Binaries\Win64\UE4Editor-GFF-226.dll".
  Deleting old hot reload file: "D:\UnrealEngine\gff2019\GFF\Binaries\Win64\UE4Editor-GFF-226.pdb".
  Deleting old hot reload file: "D:\UnrealEngine\gff2019\GFF\Binaries\Win64\UE4Editor-GFF-2361.dll".
  Deleting old hot reload file: "D:\UnrealEngine\gff2019\GFF\Binaries\Win64\UE4Editor-GFF-2361.pdb".
  Deleting old hot reload file: "D:\UnrealEngine\gff2019\GFF\Binaries\Win64\UE4Editor-GFF-2470.dll".
  Deleting old hot reload file: "D:\UnrealEngine\gff2019\GFF\Binaries\Win64\UE4Editor-GFF-2470.pdb".
  Deleting old hot reload file: "D:\UnrealEngine\gff2019\GFF\Binaries\Win64\UE4Editor-GFF-2496.dll".
  Deleting old hot reload file: "D:\UnrealEngine\gff2019\GFF\Binaries\Win64\UE4Editor-GFF-2496.pdb".
  Deleting old hot reload file: "D:\UnrealEngine\gff2019\GFF\Binaries\Win64\UE4Editor-GFF-260.dll".
  Deleting old hot reload file: "D:\UnrealEngine\gff2019\GFF\Binaries\Win64\UE4Editor-GFF-260.pdb".
  Deleting old hot reload file: "D:\UnrealEngine\gff2019\GFF\Binaries\Win64\UE4Editor-GFF-2903.dll".
  Deleting old hot reload file: "D:\UnrealEngine\gff2019\GFF\Binaries\Win64\UE4Editor-GFF-2903.pdb".
  Deleting old hot reload file: "D:\UnrealEngine\gff2019\GFF\Binaries\Win64\UE4Editor-GFF-2905.dll".
  Deleting old hot reload file: "D:\UnrealEngine\gff2019\GFF\Binaries\Win64\UE4Editor-GFF-2905.pdb".
  Deleting old hot reload file: "D:\UnrealEngine\gff2019\GFF\Binaries\Win64\UE4Editor-GFF-3247.dll".
  Deleting old hot reload file: "D:\UnrealEngine\gff2019\GFF\Binaries\Win64\UE4Editor-GFF-3659.dll".
  Deleting old hot reload file: "D:\UnrealEngine\gff2019\GFF\Binaries\Win64\UE4Editor-GFF-3659.pdb".
  Deleting old hot reload file: "D:\UnrealEngine\gff2019\GFF\Binaries\Win64\UE4Editor-GFF-3779.dll".
  Deleting old hot reload file: "D:\UnrealEngine\gff2019\GFF\Binaries\Win64\UE4Editor-GFF-3779.pdb".
  Deleting old hot reload file: "D:\UnrealEngine\gff2019\GFF\Binaries\Win64\UE4Editor-GFF-4260.dll".
  Deleting old hot reload file: "D:\UnrealEngine\gff2019\GFF\Binaries\Win64\UE4Editor-GFF-4260.pdb".
  Deleting old hot reload file: "D:\UnrealEngine\gff2019\GFF\Binaries\Win64\UE4Editor-GFF-4810.dll".
  Deleting old hot reload file: "D:\UnrealEngine\gff2019\GFF\Binaries\Win64\UE4Editor-GFF-4810.pdb".
  Deleting old hot reload file: "D:\UnrealEngine\gff2019\GFF\Binaries\Win64\UE4Editor-GFF-4928.dll".
  Deleting old hot reload file: "D:\UnrealEngine\gff2019\GFF\Binaries\Win64\UE4Editor-GFF-4928.pdb".
  Deleting old hot reload file: "D:\UnrealEngine\gff2019\GFF\Binaries\Win64\UE4Editor-GFF-4977.dll".
  Deleting old hot reload file: "D:\UnrealEngine\gff2019\GFF\Binaries\Win64\UE4Editor-GFF-4977.pdb".
  Deleting old hot reload file: "D:\UnrealEngine\gff2019\GFF\Binaries\Win64\UE4Editor-GFF-5045.dll".
  Deleting old hot reload file: "D:\UnrealEngine\gff2019\GFF\Binaries\Win64\UE4Editor-GFF-5045.pdb".
  Deleting old hot reload file: "D:\UnrealEngine\gff2019\GFF\Binaries\Win64\UE4Editor-GFF-5111.dll".
  Deleting old hot reload file: "D:\UnrealEngine\gff2019\GFF\Binaries\Win64\UE4Editor-GFF-5111.pdb".
  Deleting old hot reload file: "D:\UnrealEngine\gff2019\GFF\Binaries\Win64\UE4Editor-GFF-5118.dll".
  Deleting old hot reload file: "D:\UnrealEngine\gff2019\GFF\Binaries\Win64\UE4Editor-GFF-5118.pdb".
  Deleting old hot reload file: "D:\UnrealEngine\gff2019\GFF\Binaries\Win64\UE4Editor-GFF-5338.dll".
  Deleting old hot reload file: "D:\UnrealEngine\gff2019\GFF\Binaries\Win64\UE4Editor-GFF-5338.pdb".
  Deleting old hot reload file: "D:\UnrealEngine\gff2019\GFF\Binaries\Win64\UE4Editor-GFF-5440.dll".
  Deleting old hot reload file: "D:\UnrealEngine\gff2019\GFF\Binaries\Win64\UE4Editor-GFF-5440.pdb".
  Deleting old hot reload file: "D:\UnrealEngine\gff2019\GFF\Binaries\Win64\UE4Editor-GFF-5595.dll".
  Deleting old hot reload file: "D:\UnrealEngine\gff2019\GFF\Binaries\Win64\UE4Editor-GFF-5595.pdb".
  Deleting old hot reload file: "D:\UnrealEngine\gff2019\GFF\Binaries\Win64\UE4Editor-GFF-5702.dll".
  Deleting old hot reload file: "D:\UnrealEngine\gff2019\GFF\Binaries\Win64\UE4Editor-GFF-5702.pdb".
  Deleting old hot reload file: "D:\UnrealEngine\gff2019\GFF\Binaries\Win64\UE4Editor-GFF-573.dll".
  Deleting old hot reload file: "D:\UnrealEngine\gff2019\GFF\Binaries\Win64\UE4Editor-GFF-573.pdb".
  Deleting old hot reload file: "D:\UnrealEngine\gff2019\GFF\Binaries\Win64\UE4Editor-GFF-5763.dll".
  Deleting old hot reload file: "D:\UnrealEngine\gff2019\GFF\Binaries\Win64\UE4Editor-GFF-5763.pdb".
  Deleting old hot reload file: "D:\UnrealEngine\gff2019\GFF\Binaries\Win64\UE4Editor-GFF-5772.dll".
  Deleting old hot reload file: "D:\UnrealEngine\gff2019\GFF\Binaries\Win64\UE4Editor-GFF-5772.pdb".
  Deleting old hot reload file: "D:\UnrealEngine\gff2019\GFF\Binaries\Win64\UE4Editor-GFF-5861.dll".
  Deleting old hot reload file: "D:\UnrealEngine\gff2019\GFF\Binaries\Win64\UE4Editor-GFF-5861.pdb".
  Deleting old hot reload file: "D:\UnrealEngine\gff2019\GFF\Binaries\Win64\UE4Editor-GFF-5929.dll".
  Deleting old hot reload file: "D:\UnrealEngine\gff2019\GFF\Binaries\Win64\UE4Editor-GFF-5998.dll".
  Deleting old hot reload file: "D:\UnrealEngine\gff2019\GFF\Binaries\Win64\UE4Editor-GFF-5998.pdb".
  Deleting old hot reload file: "D:\UnrealEngine\gff2019\GFF\Binaries\Win64\UE4Editor-GFF-6059.dll".
  Deleting old hot reload file: "D:\UnrealEngine\gff2019\GFF\Binaries\Win64\UE4Editor-GFF-6059.pdb".
  Deleting old hot reload file: "D:\UnrealEngine\gff2019\GFF\Binaries\Win64\UE4Editor-GFF-6165.dll".
  Deleting old hot reload file: "D:\UnrealEngine\gff2019\GFF\Binaries\Win64\UE4Editor-GFF-6165.pdb".
  Deleting old hot reload file: "D:\UnrealEngine\gff2019\GFF\Binaries\Win64\UE4Editor-GFF-6363.dll".
  Deleting old hot reload file: "D:\UnrealEngine\gff2019\GFF\Binaries\Win64\UE4Editor-GFF-6363.pdb".
  Deleting old hot reload file: "D:\UnrealEngine\gff2019\GFF\Binaries\Win64\UE4Editor-GFF-653.dll".
  Deleting old hot reload file: "D:\UnrealEngine\gff2019\GFF\Binaries\Win64\UE4Editor-GFF-653.pdb".
  Deleting old hot reload file: "D:\UnrealEngine\gff2019\GFF\Binaries\Win64\UE4Editor-GFF-6720.dll".
  Deleting old hot reload file: "D:\UnrealEngine\gff2019\GFF\Binaries\Win64\UE4Editor-GFF-6720.pdb".
  Deleting old hot reload file: "D:\UnrealEngine\gff2019\GFF\Binaries\Win64\UE4Editor-GFF-6913.dll".
  Deleting old hot reload file: "D:\UnrealEngine\gff2019\GFF\Binaries\Win64\UE4Editor-GFF-6913.pdb".
  Deleting old hot reload file: "D:\UnrealEngine\gff2019\GFF\Binaries\Win64\UE4Editor-GFF-7275.dll".
  Deleting old hot reload file: "D:\UnrealEngine\gff2019\GFF\Binaries\Win64\UE4Editor-GFF-7328.dll".
  Deleting old hot reload file: "D:\UnrealEngine\gff2019\GFF\Binaries\Win64\UE4Editor-GFF-7328.pdb".
  Deleting old hot reload file: "D:\UnrealEngine\gff2019\GFF\Binaries\Win64\UE4Editor-GFF-7348.dll".
  Deleting old hot reload file: "D:\UnrealEngine\gff2019\GFF\Binaries\Win64\UE4Editor-GFF-7671.dll".
  Deleting old hot reload file: "D:\UnrealEngine\gff2019\GFF\Binaries\Win64\UE4Editor-GFF-7671.pdb".
  Deleting old hot reload file: "D:\UnrealEngine\gff2019\GFF\Binaries\Win64\UE4Editor-GFF-7781.dll".
  Deleting old hot reload file: "D:\UnrealEngine\gff2019\GFF\Binaries\Win64\UE4Editor-GFF-7781.pdb".
  Deleting old hot reload file: "D:\UnrealEngine\gff2019\GFF\Binaries\Win64\UE4Editor-GFF-7801.dll".
  Deleting old hot reload file: "D:\UnrealEngine\gff2019\GFF\Binaries\Win64\UE4Editor-GFF-7801.pdb".
  Deleting old hot reload file: "D:\UnrealEngine\gff2019\GFF\Binaries\Win64\UE4Editor-GFF-7890.dll".
  Deleting old hot reload file: "D:\UnrealEngine\gff2019\GFF\Binaries\Win64\UE4Editor-GFF-7891.dll".
  Deleting old hot reload file: "D:\UnrealEngine\gff2019\GFF\Binaries\Win64\UE4Editor-GFF-7891.pdb".
  Deleting old hot reload file: "D:\UnrealEngine\gff2019\GFF\Binaries\Win64\UE4Editor-GFF-7942.dll".
  Deleting old hot reload file: "D:\UnrealEngine\gff2019\GFF\Binaries\Win64\UE4Editor-GFF-7942.pdb".
  Deleting old hot reload file: "D:\UnrealEngine\gff2019\GFF\Binaries\Win64\UE4Editor-GFF-7953.dll".
  Deleting old hot reload file: "D:\UnrealEngine\gff2019\GFF\Binaries\Win64\UE4Editor-GFF-7953.pdb".
  Deleting old hot reload file: "D:\UnrealEngine\gff2019\GFF\Binaries\Win64\UE4Editor-GFF-8221.dll".
  Deleting old hot reload file: "D:\UnrealEngine\gff2019\GFF\Binaries\Win64\UE4Editor-GFF-8221.pdb".
  Deleting old hot reload file: "D:\UnrealEngine\gff2019\GFF\Binaries\Win64\UE4Editor-GFF-8353.dll".
  Deleting old hot reload file: "D:\UnrealEngine\gff2019\GFF\Binaries\Win64\UE4Editor-GFF-8353.pdb".
  Deleting old hot reload file: "D:\UnrealEngine\gff2019\GFF\Binaries\Win64\UE4Editor-GFF-836.dll".
  Deleting old hot reload file: "D:\UnrealEngine\gff2019\GFF\Binaries\Win64\UE4Editor-GFF-836.pdb".
  Deleting old hot reload file: "D:\UnrealEngine\gff2019\GFF\Binaries\Win64\UE4Editor-GFF-8542.dll".
  Deleting old hot reload file: "D:\UnrealEngine\gff2019\GFF\Binaries\Win64\UE4Editor-GFF-8542.pdb".
  Deleting old hot reload file: "D:\UnrealEngine\gff2019\GFF\Binaries\Win64\UE4Editor-GFF-8699.dll".
  Deleting old hot reload file: "D:\UnrealEngine\gff2019\GFF\Binaries\Win64\UE4Editor-GFF-8699.pdb".
  Deleting old hot reload file: "D:\UnrealEngine\gff2019\GFF\Binaries\Win64\UE4Editor-GFF-8792.dll".
  Deleting old hot reload file: "D:\UnrealEngine\gff2019\GFF\Binaries\Win64\UE4Editor-GFF-8792.pdb".
  Deleting old hot reload file: "D:\UnrealEngine\gff2019\GFF\Binaries\Win64\UE4Editor-GFF-8821.dll".
  Deleting old hot reload file: "D:\UnrealEngine\gff2019\GFF\Binaries\Win64\UE4Editor-GFF-8821.pdb".
  Deleting old hot reload file: "D:\UnrealEngine\gff2019\GFF\Binaries\Win64\UE4Editor-GFF-8822.dll".
  Deleting old hot reload file: "D:\UnrealEngine\gff2019\GFF\Binaries\Win64\UE4Editor-GFF-8822.pdb".
  Deleting old hot reload file: "D:\UnrealEngine\gff2019\GFF\Binaries\Win64\UE4Editor-GFF-8991.dll".
  Deleting old hot reload file: "D:\UnrealEngine\gff2019\GFF\Binaries\Win64\UE4Editor-GFF-8991.pdb".
  Deleting old hot reload file: "D:\UnrealEngine\gff2019\GFF\Binaries\Win64\UE4Editor-GFF-9016.dll".
  Deleting old hot reload file: "D:\UnrealEngine\gff2019\GFF\Binaries\Win64\UE4Editor-GFF-9016.pdb".
  Deleting old hot reload file: "D:\UnrealEngine\gff2019\GFF\Binaries\Win64\UE4Editor-GFF-9371.dll".
  Deleting old hot reload file: "D:\UnrealEngine\gff2019\GFF\Binaries\Win64\UE4Editor-GFF-9371.pdb".
  Deleting old hot reload file: "D:\UnrealEngine\gff2019\GFF\Binaries\Win64\UE4Editor-GFF-941.dll".
  Deleting old hot reload file: "D:\UnrealEngine\gff2019\GFF\Binaries\Win64\UE4Editor-GFF-941.pdb".
  Deleting old hot reload file: "D:\UnrealEngine\gff2019\GFF\Binaries\Win64\UE4Editor-GFF-9429.dll".
  Deleting old hot reload file: "D:\UnrealEngine\gff2019\GFF\Binaries\Win64\UE4Editor-GFF-9429.pdb".
  Deleting old hot reload file: "D:\UnrealEngine\gff2019\GFF\Binaries\Win64\UE4Editor-GFF-9499.dll".
  Deleting old hot reload file: "D:\UnrealEngine\gff2019\GFF\Binaries\Win64\UE4Editor-GFF-9499.pdb".
  Deleting old hot reload file: "D:\UnrealEngine\gff2019\GFF\Binaries\Win64\UE4Editor-GFF-9675.dll".
  Deleting old hot reload file: "D:\UnrealEngine\gff2019\GFF\Binaries\Win64\UE4Editor-GFF-9675.pdb".
  Deleting old hot reload file: "D:\UnrealEngine\gff2019\GFF\Binaries\Win64\UE4Editor-GFF-9676.dll".
  Deleting old hot reload file: "D:\UnrealEngine\gff2019\GFF\Binaries\Win64\UE4Editor-GFF-9676.pdb".
  Deleting old hot reload file: "D:\UnrealEngine\gff2019\GFF\Binaries\Win64\UE4Editor-GFF-9684.dll".
  Deleting old hot reload file: "D:\UnrealEngine\gff2019\GFF\Binaries\Win64\UE4Editor-GFF-9684.pdb".
  Deleting old hot reload file: "D:\UnrealEngine\gff2019\GFF\Binaries\Win64\UE4Editor-GFF-970.dll".
  Deleting old hot reload file: "D:\UnrealEngine\gff2019\GFF\Binaries\Win64\UE4Editor-GFF-970.pdb".
  Deleting old hot reload file: "D:\UnrealEngine\gff2019\GFF\Binaries\Win64\UE4Editor-GFF-9786.dll".
  Deleting old hot reload file: "D:\UnrealEngine\gff2019\GFF\Binaries\Win64\UE4Editor-GFF-9786.pdb".
  Deleting old hot reload file: "D:\UnrealEngine\gff2019\GFF\Binaries\Win64\UE4Editor-GFF-9932.dll".
  Deleting old hot reload file: "D:\UnrealEngine\gff2019\GFF\Binaries\Win64\UE4Editor-GFF-9932.pdb".
  Building 14 actions with 8 processes...
    [1/14] PCLaunch.rc
    [2/14] SharedPCH.Engine.cpp
    [3/14] GFF.init.gen.cpp
    [4/14] MyEnemy.cpp
    [5/14] GFFGameMode.cpp
    [6/14] GFFGameMode.gen.cpp
    [7/14] MyCharacter.gen.cpp
    [8/14] GFFCharacter.gen.cpp
    [9/14] MyEnemy.gen.cpp
    [10/14] GFF.cpp
    [11/14] GFFCharacter.cpp
    [12/14] MyCharacter.cpp
    [13/14] UE4Editor-GFF.lib
       ライブラリ D:\UnrealEngine\gff2019\GFF\Intermediate\Build\Win64\UE4Editor\Development\GFF\UE4Editor-GFF.lib とオブジェクト D:\UnrealEngine\gff2019\GFF\Intermediate\Build\Win64\UE4Editor\Development\GFF\UE4Editor-GFF.exp を作成中
    [14/14] UE4Editor-GFF.dll
       ライブラリ D:\UnrealEngine\gff2019\GFF\Intermediate\Build\Win64\UE4Editor\Development\GFF\UE4Editor-GFF.suppressed.lib とオブジェクト D:\UnrealEngine\gff2019\GFF\Intermediate\Build\Win64\UE4Editor\Development\GFF\UE4Editor-GFF.suppressed.exp を作成中
  Deploying GFFEditor Win64 Development...
  Total build time: 78.48 seconds (Parallel executor: 37.19 seconds)
